<?xml version="1.0" encoding="UTF-8"?>
<testsuites name="Smart Wait Regression" time="75.199" tests="1" failures="0" errors="0">
   <testsuite name="Smart Wait Regression" tests="1" failures="0" errors="0" time="75.199" skipped="0" timestamp="2022-03-03 18:09:30" hostname="anle - localhost" id="Test Suites/Smart Wait Regression">
      <properties>
[...]
</properties>
      <testcase name="Test Cases/Apply All Elements - Verify AJAX Text Present" time="74.893" classname="Test Cases/Apply All Elements - Verify AJAX Text Present" status="PASSED">
         <system-out><![CDATA[2022-03-03 18:09:30 - [TEST_CASE][PASSED] - Test Cases/Apply All Elements - Verify AJAX Text Present: Test Cases/Apply All Elements - Verify AJAX Text Present

2022-03-03 18:09:30 - [TEST_STEP][PASSED] - comment("To enable the Smart Wait function for the whole project in Katalon Studio, navigate to Project > Settings > Execution> Select Enable in Default Smart Wait."): To enable the Smart Wait function for the whole project in Katalon Studio, navigate to Project > Settings > Execution> Select Enable in Default Smart Wait.

2022-03-03 18:09:30 - [MESSAGE][INFO] - To enable the Smart Wait function for the whole project in Katalon Studio, navigate to Project > Settings > Execution> Select Enable in Default Smart Wait.

2022-03-03 18:09:30 - [TEST_STEP][PASSED] - openBrowser(""): Browser is opened with url: ''

2022-03-03 18:09:30 - [MESSAGE][INFO] - User set preference: ['os', 'windows']

2022-03-03 18:09:30 - [MESSAGE][INFO] - User set preference: ['browserName', 'chrome']

2022-03-03 18:09:30 - [MESSAGE][INFO] - User set preference: ['browserVersion', '91']

2022-03-03 18:09:30 - [MESSAGE][INFO] - User set preference: ['katalon:option', '{organizationId=152796, tunnelId=29ca8c5f-d363-4576-930a-ecddc3028f70, usingTunnel=true}']

2022-03-03 18:09:30 - [MESSAGE][INFO] - Connecting to remote web server 'testcloud.dev.katalon.com/hub' with type 'Selenium'

2022-03-03 18:09:30 - [MESSAGE][INFO] - Action delay is set to 0 milliseconds

2022-03-03 18:10:28 - [MESSAGE][PASSED] - Browser is opened with url: ''

2022-03-03 18:10:28 - [TEST_STEP][PASSED] - navigateToUrl("https://demo.tutorialzine.com/2009/09/simple-ajax-website-jquery/demo.html"): Navigate to 'https://demo.tutorialzine.com/2009/09/simple-ajax-website-jquery/demo.html' successfully

2022-03-03 18:10:31 - [MESSAGE][PASSED] - Navigate to 'https://demo.tutorialzine.com/2009/09/simple-ajax-website-jquery/demo.html' successfully

2022-03-03 18:10:31 - [TEST_STEP][PASSED] - click(findTestObject("Page_AjaxDemo/a_Page 1")): Object: 'Object Repository/Page_AjaxDemo/a_Page 1' is clicked on

2022-03-03 18:10:34 - [MESSAGE][PASSED] - Object: 'Object Repository/Page_AjaxDemo/a_Page 1' is clicked on

2022-03-03 18:10:34 - [TEST_STEP][PASSED] - verifyTextPresent("Lorem ipsum dolor sit amet, consectetur adipiscing elit. Etiam feugiat neque vel metus sodales auctor sed et arcu. Pellentesque habitant morbi tristique senectus et netus et malesuada fames ac turpis egestas. Phasellus cursus tellus ac urna sollicitudin viverra.", false): Text 'Lorem ipsum dolor sit amet, consectetur adipiscing elit. Etiam feugiat neque vel metus sodales auctor sed et arcu. Pellentesque habitant morbi tristique senectus et netus et malesuada fames ac turpis egestas. Phasellus cursus tellus ac urna sollicitudin viverra.' is present on page 

2022-03-03 18:10:37 - [MESSAGE][PASSED] - Text 'Lorem ipsum dolor sit amet, consectetur adipiscing elit. Etiam feugiat neque vel metus sodales auctor sed et arcu. Pellentesque habitant morbi tristique senectus et netus et malesuada fames ac turpis egestas. Phasellus cursus tellus ac urna sollicitudin viverra.' is present on page 

2022-03-03 18:10:37 - [TEST_STEP][PASSED] - click(findTestObject("Page_AjaxDemo/a_Page 2")): Object: 'Object Repository/Page_AjaxDemo/a_Page 2' is clicked on

2022-03-03 18:10:40 - [MESSAGE][PASSED] - Object: 'Object Repository/Page_AjaxDemo/a_Page 2' is clicked on

2022-03-03 18:10:40 - [TEST_STEP][PASSED] - verifyElementText(findTestObject("Page_AjaxDemo/div_Page2_Content"), "Aliquam imperdiet tempor facilisis. Sed elementum ultrices vulputate. In hac habitasse platea dictumst. In et accumsan turpis. Nullam laoreet posuere eros ac iaculis. Nullam ut velit arcu. Lorem ipsum dolor sit amet, consectetur adipiscing elit. Aliquam erat volutpat."): Actual text and expected text of test object 'Object Repository/Page_AjaxDemo/div_Page2_Content' are matched.

2022-03-03 18:10:43 - [MESSAGE][PASSED] - Actual text and expected text of test object 'Object Repository/Page_AjaxDemo/div_Page2_Content' are matched.

2022-03-03 18:10:43 - [TEST_STEP][PASSED] - closeBrowser(): Browser is closed

2022-03-03 18:10:45 - [MESSAGE][PASSED] - Browser is closed]]></system-out>
         <system-err><![CDATA[]]></system-err>
      </testcase>
      <system-out><![CDATA[2022-03-03 18:09:30 - [TEST_SUITE][PASSED] - Smart Wait Regression: Test Cases/Apply All Elements - Verify AJAX Text Present]]></system-out>
      <system-err><![CDATA[]]></system-err>
   </testsuite>
</testsuites>
