<?xml version="1.0" encoding="UTF-8"?>
<testsuites name="New Test Suite" time="49.998" tests="1" failures="0" errors="0">
   <testsuite name="New Test Suite" tests="1" failures="0" errors="0" time="49.998" skipped="0" timestamp="2022-04-06 12:05:15" hostname="anle - localhost" id="Test Suites/New Test Suite">
      <properties>
[...]
</properties>
      <testcase name="Test Cases/New Test Case" time="49.575" classname="Test Cases/New Test Case" status="PASSED">
         <system-out><![CDATA[2022-04-06 12:05:16 - [TEST_CASE][PASSED] - Test Cases/New Test Case: Test Cases/New Test Case

2022-04-06 12:05:16 - [TEST_STEP][PASSED] - openBrowser(""): Browser is opened with url: ''

2022-04-06 12:05:16 - [MESSAGE][INFO] - User set preference: ['os', 'linux']

2022-04-06 12:05:16 - [MESSAGE][INFO] - User set preference: ['browserName', 'chrome']

2022-04-06 12:05:16 - [MESSAGE][INFO] - User set preference: ['browserVersion', '99']

2022-04-06 12:05:16 - [MESSAGE][INFO] - User set preference: ['katalon:option', '{organizationId=152796, tunnelId=, usingTunnel=false}']

2022-04-06 12:05:16 - [MESSAGE][INFO] - Connecting to remote web server 'testcloud.katalon.com/hub' with type 'Selenium'

2022-04-06 12:05:17 - [MESSAGE][INFO] - Action delay is set to 0 milliseconds

2022-04-06 12:05:51 - [MESSAGE][PASSED] - Browser is opened with url: ''

2022-04-06 12:05:51 - [TEST_STEP][PASSED] - navigateToUrl("https://hosrem.zamo.io/user/login"): Navigate to 'https://hosrem.zamo.io/user/login' successfully

2022-04-06 12:05:56 - [MESSAGE][PASSED] - Navigate to 'https://hosrem.zamo.io/user/login' successfully

2022-04-06 12:05:56 - [TEST_STEP][PASSED] - setText(findTestObject("Object Repository/Page_ng nhp - HOSREM/input_ng nhp_username"), "admin@hosrem.org.vn"): Text 'admin@hosrem.org.vn' is set on object 'Object Repository/Page_ng nhp - HOSREM/input_ng nhp_username'

2022-04-06 12:05:59 - [MESSAGE][PASSED] - Text 'admin@hosrem.org.vn' is set on object 'Object Repository/Page_ng nhp - HOSREM/input_ng nhp_username'

2022-04-06 12:05:59 - [TEST_STEP][PASSED] - setEncryptedText(findTestObject("Object Repository/Page_ng nhp - HOSREM/input_ng nhp_password"), "lRjbE94itQ2P5Nq77tCtDw=="): Text ****** has been set on object 'Object Repository/Page_ng nhp - HOSREM/input_ng nhp_password'

2022-04-06 12:06:01 - [MESSAGE][PASSED] - Text ****** has been set on object 'Object Repository/Page_ng nhp - HOSREM/input_ng nhp_password'

2022-04-06 12:06:01 - [TEST_STEP][PASSED] - click(findTestObject("Object Repository/Page_ng nhp - HOSREM/button_ng nhp")): Object: 'Object Repository/Page_ng nhp - HOSREM/button_ng nhp' is clicked on

2022-04-06 12:06:02 - [MESSAGE][PASSED] - Object: 'Object Repository/Page_ng nhp - HOSREM/button_ng nhp' is clicked on

2022-04-06 12:06:02 - [TEST_STEP][PASSED] - verifyElementText(findTestObject("Object Repository/Page_Hi ngh - HOSREM/span_Danh sch hi ngh"), "Danh sách hội nghị"): Actual text and expected text of test object 'Object Repository/Page_Hi ngh - HOSREM/span_Danh sch hi ngh' are matched.

2022-04-06 12:06:04 - [MESSAGE][PASSED] - Actual text and expected text of test object 'Object Repository/Page_Hi ngh - HOSREM/span_Danh sch hi ngh' are matched.

2022-04-06 12:06:04 - [TEST_STEP][PASSED] - closeBrowser(): Browser is closed

2022-04-06 12:06:05 - [MESSAGE][PASSED] - Browser is closed]]></system-out>
         <system-err><![CDATA[]]></system-err>
      </testcase>
      <system-out><![CDATA[2022-04-06 12:05:15 - [TEST_SUITE][PASSED] - New Test Suite: Test Cases/New Test Case]]></system-out>
      <system-err><![CDATA[]]></system-err>
   </testsuite>
</testsuites>
