<?xml version="1.0" encoding="UTF-8"?>
<testsuites name="New Test Suite" time="124.118" tests="2" failures="0" errors="0">
   <testsuite name="New Test Suite" tests="2" failures="0" errors="0" time="124.118" skipped="0" timestamp="2022-03-09 18:36:03" hostname="anle - localhost" id="Test Suites/New Test Suite">
      <properties>
[...]
</properties>
      <testcase name="Test Cases/Apply Specific Elementsts - Verify AJAX Text Present" time="48.096" classname="Test Cases/Apply Specific Elementsts - Verify AJAX Text Present" status="PASSED">
         <system-out><![CDATA[2022-03-09 18:36:03 - [TEST_CASE][PASSED] - Test Cases/Apply Specific Elementsts - Verify AJAX Text Present: Test Cases/Apply Specific Elementsts - Verify AJAX Text Present

2022-03-09 18:36:04 - [TEST_STEP][PASSED] - comment("If you want to use Smart Wait function for certain test elements only, it's important that you disable Default Smart Wait in Project Settings."): If you want to use Smart Wait function for certain test elements only, it's important that you disable Default Smart Wait in Project Settings.

2022-03-09 18:36:04 - [MESSAGE][INFO] - If you want to use Smart Wait function for certain test elements only, it's important that you disable Default Smart Wait in Project Settings.

2022-03-09 18:36:04 - [TEST_STEP][PASSED] - openBrowser(""): Browser is opened with url: ''

2022-03-09 18:36:04 - [MESSAGE][INFO] - User set preference: ['os', 'linux']

2022-03-09 18:36:04 - [MESSAGE][INFO] - User set preference: ['browserName', 'firefox']

2022-03-09 18:36:04 - [MESSAGE][INFO] - User set preference: ['browserVersion', '96']

2022-03-09 18:36:04 - [MESSAGE][INFO] - User set preference: ['katalon:option', '{organizationId=152796, tunnelId=29d1411b-1b5c-4427-beba-bf8e37263db2, usingTunnel=true}']

2022-03-09 18:36:04 - [MESSAGE][INFO] - Connecting to remote web server 'testcloud.katalon.com/hub' with type 'Selenium'

2022-03-09 18:36:04 - [MESSAGE][INFO] - Action delay is set to 0 milliseconds

2022-03-09 18:36:37 - [MESSAGE][PASSED] - Browser is opened with url: ''

2022-03-09 18:36:37 - [TEST_STEP][PASSED] - navigateToUrl("https://demo.tutorialzine.com/2009/09/simple-ajax-website-jquery/demo.html"): Navigate to 'https://demo.tutorialzine.com/2009/09/simple-ajax-website-jquery/demo.html' successfully

2022-03-09 18:36:42 - [MESSAGE][PASSED] - Navigate to 'https://demo.tutorialzine.com/2009/09/simple-ajax-website-jquery/demo.html' successfully

2022-03-09 18:36:42 - [TEST_STEP][PASSED] - enableSmartWait(): null

2022-03-09 18:36:42 - [TEST_STEP][PASSED] - click(findTestObject("Page_AjaxDemo/a_Page 1")): Object: 'Object Repository/Page_AjaxDemo/a_Page 1' is clicked on

2022-03-09 18:36:45 - [MESSAGE][PASSED] - Object: 'Object Repository/Page_AjaxDemo/a_Page 1' is clicked on

2022-03-09 18:36:45 - [TEST_STEP][PASSED] - verifyTextPresent("Lorem ipsum dolor sit amet, consectetur adipiscing elit. Etiam feugiat neque vel metus sodales auctor sed et arcu. Pellentesque habitant morbi tristique senectus et netus et malesuada fames ac turpis egestas. Phasellus cursus tellus ac urna sollicitudin viverra.", false): Text 'Lorem ipsum dolor sit amet, consectetur adipiscing elit. Etiam feugiat neque vel metus sodales auctor sed et arcu. Pellentesque habitant morbi tristique senectus et netus et malesuada fames ac turpis egestas. Phasellus cursus tellus ac urna sollicitudin viverra.' is present on page 

2022-03-09 18:36:48 - [MESSAGE][PASSED] - Text 'Lorem ipsum dolor sit amet, consectetur adipiscing elit. Etiam feugiat neque vel metus sodales auctor sed et arcu. Pellentesque habitant morbi tristique senectus et netus et malesuada fames ac turpis egestas. Phasellus cursus tellus ac urna sollicitudin viverra.' is present on page 

2022-03-09 18:36:48 - [TEST_STEP][PASSED] - disableSmartWait(): null

2022-03-09 18:36:48 - [TEST_STEP][PASSED] - click(findTestObject("Page_AjaxDemo/a_Page 2")): Object: 'Object Repository/Page_AjaxDemo/a_Page 2' is clicked on

2022-03-09 18:36:49 - [MESSAGE][PASSED] - Object: 'Object Repository/Page_AjaxDemo/a_Page 2' is clicked on

2022-03-09 18:36:49 - [TEST_STEP][PASSED] - verifyElementText(findTestObject("Page_AjaxDemo/div_Page2_Content"), "Aliquam imperdiet tempor facilisis. Sed elementum ultrices vulputate. In hac habitasse platea dictumst. In et accumsan turpis. Nullam laoreet posuere eros ac iaculis. Nullam ut velit arcu. Lorem ipsum dolor sit amet, consectetur adipiscing elit. Aliquam erat volutpat."): Actual text and expected text of test object 'Object Repository/Page_AjaxDemo/div_Page2_Content' are matched.

2022-03-09 18:36:50 - [MESSAGE][PASSED] - Actual text and expected text of test object 'Object Repository/Page_AjaxDemo/div_Page2_Content' are matched.

2022-03-09 18:36:50 - [TEST_STEP][PASSED] - closeBrowser(): Browser is closed

2022-03-09 18:36:51 - [MESSAGE][PASSED] - Browser is closed]]></system-out>
         <system-err><![CDATA[]]></system-err>
      </testcase>
      <testcase name="Test Cases/New Test Case (1)" time="75.673" classname="Test Cases/New Test Case (1)" status="PASSED">
         <system-out><![CDATA[2022-03-09 18:36:51 - [TEST_CASE][PASSED] - Test Cases/New Test Case (1): Test Cases/New Test Case (1)

2022-03-09 18:36:52 - [TEST_STEP][PASSED] - openBrowser(""): Browser is opened with url: ''

2022-03-09 18:36:52 - [MESSAGE][INFO] - User set preference: ['os', 'linux']

2022-03-09 18:36:52 - [MESSAGE][INFO] - User set preference: ['browserName', 'firefox']

2022-03-09 18:36:52 - [MESSAGE][INFO] - User set preference: ['browserVersion', '96']

2022-03-09 18:36:52 - [MESSAGE][INFO] - User set preference: ['katalon:option', '{organizationId=152796, tunnelId=29d1411b-1b5c-4427-beba-bf8e37263db2, usingTunnel=true}']

2022-03-09 18:36:52 - [MESSAGE][INFO] - Connecting to remote web server 'testcloud.katalon.com/hub' with type 'Selenium'

2022-03-09 18:36:52 - [MESSAGE][INFO] - Action delay is set to 0 milliseconds

2022-03-09 18:37:22 - [MESSAGE][PASSED] - Browser is opened with url: ''

2022-03-09 18:37:22 - [TEST_STEP][PASSED] - closeBrowser(): Browser is closed

2022-03-09 18:37:24 - [MESSAGE][PASSED] - Browser is closed

2022-03-09 18:37:24 - [TEST_STEP][PASSED] - openBrowser(""): Browser is opened with url: ''

2022-03-09 18:37:24 - [MESSAGE][INFO] - User set preference: ['os', 'linux']

2022-03-09 18:37:24 - [MESSAGE][INFO] - User set preference: ['browserName', 'firefox']

2022-03-09 18:37:24 - [MESSAGE][INFO] - User set preference: ['browserVersion', '96']

2022-03-09 18:37:24 - [MESSAGE][INFO] - User set preference: ['katalon:option', '{organizationId=152796, tunnelId=29d1411b-1b5c-4427-beba-bf8e37263db2, usingTunnel=true}']

2022-03-09 18:37:24 - [MESSAGE][INFO] - Connecting to remote web server 'testcloud.katalon.com/hub' with type 'Selenium'

2022-03-09 18:37:24 - [MESSAGE][INFO] - Action delay is set to 0 milliseconds

2022-03-09 18:37:52 - [MESSAGE][PASSED] - Browser is opened with url: ''

2022-03-09 18:37:52 - [TEST_STEP][PASSED] - navigateToUrl("http://172.31.23.56/wp-login.php"): Navigate to 'http://172.31.23.56/wp-login.php' successfully

2022-03-09 18:37:57 - [MESSAGE][PASSED] - Navigate to 'http://172.31.23.56/wp-login.php' successfully

2022-03-09 18:37:57 - [TEST_STEP][PASSED] - click(findTestObject("Object Repository/Page_Log In  Data For TestCloud  WordPress/a_Lost your password")): Object: 'Object Repository/Page_Log In  Data For TestCloud  WordPress/a_Lost your password' is clicked on

2022-03-09 18:37:59 - [MESSAGE][PASSED] - Object: 'Object Repository/Page_Log In  Data For TestCloud  WordPress/a_Lost your password' is clicked on

2022-03-09 18:37:59 - [TEST_STEP][PASSED] - setText(findTestObject("Object Repository/Page_Lost Password  Data For TestCloud  WordPress/input_Username or Email Address_user_login"), "an.le"): Text 'an.le' is set on object 'Object Repository/Page_Lost Password  Data For TestCloud  WordPress/input_Username or Email Address_user_login'

2022-03-09 18:38:02 - [MESSAGE][PASSED] - Text 'an.le' is set on object 'Object Repository/Page_Lost Password  Data For TestCloud  WordPress/input_Username or Email Address_user_login'

2022-03-09 18:38:02 - [TEST_STEP][PASSED] - click(findTestObject("Object Repository/Page_Lost Password  Data For TestCloud  WordPress/input_Username or Email Address_wp-submit")): Object: 'Object Repository/Page_Lost Password  Data For TestCloud  WordPress/input_Username or Email Address_wp-submit' is clicked on

2022-03-09 18:38:04 - [MESSAGE][PASSED] - Object: 'Object Repository/Page_Lost Password  Data For TestCloud  WordPress/input_Username or Email Address_wp-submit' is clicked on

2022-03-09 18:38:04 - [TEST_STEP][PASSED] - click(findTestObject("Object Repository/Page_Lost Password  Data For TestCloud  WordPress/a_Log in")): Object: 'Object Repository/Page_Lost Password  Data For TestCloud  WordPress/a_Log in' is clicked on

2022-03-09 18:38:06 - [MESSAGE][PASSED] - Object: 'Object Repository/Page_Lost Password  Data For TestCloud  WordPress/a_Log in' is clicked on

2022-03-09 18:38:06 - [TEST_STEP][PASSED] - closeBrowser(): Browser is closed

2022-03-09 18:38:07 - [MESSAGE][PASSED] - Browser is closed]]></system-out>
         <system-err><![CDATA[]]></system-err>
      </testcase>
      <system-out><![CDATA[2022-03-09 18:36:03 - [TEST_SUITE][PASSED] - New Test Suite: Test Cases/New Test Case (1)]]></system-out>
      <system-err><![CDATA[]]></system-err>
   </testsuite>
</testsuites>
