<?xml version="1.0" encoding="UTF-8"?>
<testsuites name="New Test Suite" time="555.662" tests="3" failures="0" errors="0">
   <testsuite name="New Test Suite" tests="3" failures="0" errors="0" time="555.662" skipped="0" timestamp="2022-03-15 09:06:39" hostname="anle - localhost" id="Test Suites/New Test Suite">
      <properties>
[...]
</properties>
      <testcase name="Test Cases/Apply Specific Elementsts - Verify AJAX Text Present" time="144.99" classname="Test Cases/Apply Specific Elementsts - Verify AJAX Text Present" status="PASSED">
         <system-out><![CDATA[2022-03-15 09:06:39 - [TEST_CASE][PASSED] - Test Cases/Apply Specific Elementsts - Verify AJAX Text Present: Test Cases/Apply Specific Elementsts - Verify AJAX Text Present

2022-03-15 09:06:40 - [TEST_STEP][PASSED] - comment("If you want to use Smart Wait function for certain test elements only, it's important that you disable Default Smart Wait in Project Settings."): If you want to use Smart Wait function for certain test elements only, it's important that you disable Default Smart Wait in Project Settings.

2022-03-15 09:06:40 - [MESSAGE][INFO] - If you want to use Smart Wait function for certain test elements only, it's important that you disable Default Smart Wait in Project Settings.

2022-03-15 09:06:40 - [TEST_STEP][PASSED] - openBrowser(""): Browser is opened with url: ''

2022-03-15 09:06:40 - [MESSAGE][INFO] - User set preference: ['browserName', 'internet explorer']

2022-03-15 09:06:40 - [MESSAGE][INFO] - User set preference: ['katalon:option', '{usingTunnel=false, organizationId=152796}']

2022-03-15 09:06:40 - [MESSAGE][INFO] - User set preference: ['browserVersion', '11']

2022-03-15 09:06:40 - [MESSAGE][INFO] - User set preference: ['platformName', 'WINDOWS']

2022-03-15 09:06:40 - [MESSAGE][INFO] - Connecting to remote web server 'testcloud.dev.katalon.com/hub' with type 'Selenium'

2022-03-15 09:06:40 - [MESSAGE][INFO] - Action delay is set to 0 milliseconds

2022-03-15 09:08:52 - [MESSAGE][PASSED] - Browser is opened with url: ''

2022-03-15 09:08:52 - [TEST_STEP][PASSED] - navigateToUrl("https://demo.tutorialzine.com/2009/09/simple-ajax-website-jquery/demo.html"): Navigate to 'https://demo.tutorialzine.com/2009/09/simple-ajax-website-jquery/demo.html' successfully

2022-03-15 09:08:53 - [MESSAGE][PASSED] - Navigate to 'https://demo.tutorialzine.com/2009/09/simple-ajax-website-jquery/demo.html' successfully

2022-03-15 09:08:53 - [TEST_STEP][PASSED] - enableSmartWait(): null

2022-03-15 09:08:53 - [TEST_STEP][PASSED] - click(findTestObject("Page_AjaxDemo/a_Page 1")): Object: 'Object Repository/Page_AjaxDemo/a_Page 1' is clicked on

2022-03-15 09:08:57 - [MESSAGE][PASSED] - Object: 'Object Repository/Page_AjaxDemo/a_Page 1' is clicked on

2022-03-15 09:08:57 - [TEST_STEP][PASSED] - verifyTextPresent("Lorem ipsum dolor sit amet, consectetur adipiscing elit. Etiam feugiat neque vel metus sodales auctor sed et arcu. Pellentesque habitant morbi tristique senectus et netus et malesuada fames ac turpis egestas. Phasellus cursus tellus ac urna sollicitudin viverra.", false): Text 'Lorem ipsum dolor sit amet, consectetur adipiscing elit. Etiam feugiat neque vel metus sodales auctor sed et arcu. Pellentesque habitant morbi tristique senectus et netus et malesuada fames ac turpis egestas. Phasellus cursus tellus ac urna sollicitudin viverra.' is present on page 

2022-03-15 09:09:00 - [MESSAGE][PASSED] - Text 'Lorem ipsum dolor sit amet, consectetur adipiscing elit. Etiam feugiat neque vel metus sodales auctor sed et arcu. Pellentesque habitant morbi tristique senectus et netus et malesuada fames ac turpis egestas. Phasellus cursus tellus ac urna sollicitudin viverra.' is present on page 

2022-03-15 09:09:00 - [TEST_STEP][PASSED] - disableSmartWait(): null

2022-03-15 09:09:00 - [TEST_STEP][PASSED] - click(findTestObject("Page_AjaxDemo/a_Page 2")): Object: 'Object Repository/Page_AjaxDemo/a_Page 2' is clicked on

2022-03-15 09:09:02 - [MESSAGE][PASSED] - Object: 'Object Repository/Page_AjaxDemo/a_Page 2' is clicked on

2022-03-15 09:09:02 - [TEST_STEP][PASSED] - verifyElementText(findTestObject("Page_AjaxDemo/div_Page2_Content"), "Aliquam imperdiet tempor facilisis. Sed elementum ultrices vulputate. In hac habitasse platea dictumst. In et accumsan turpis. Nullam laoreet posuere eros ac iaculis. Nullam ut velit arcu. Lorem ipsum dolor sit amet, consectetur adipiscing elit. Aliquam erat volutpat."): Actual text and expected text of test object 'Object Repository/Page_AjaxDemo/div_Page2_Content' are matched.

2022-03-15 09:09:03 - [MESSAGE][PASSED] - Actual text and expected text of test object 'Object Repository/Page_AjaxDemo/div_Page2_Content' are matched.

2022-03-15 09:09:03 - [TEST_STEP][PASSED] - closeBrowser(): Browser is closed

2022-03-15 09:09:04 - [MESSAGE][PASSED] - Browser is closed]]></system-out>
         <system-err><![CDATA[]]></system-err>
      </testcase>
      <testcase name="Test Cases/Apply Specific Elementsts - Verify AJAX Text Present" time="259.705" classname="Test Cases/Apply Specific Elementsts - Verify AJAX Text Present" status="PASSED">
         <system-out><![CDATA[2022-03-15 09:09:04 - [TEST_CASE][PASSED] - Test Cases/Apply Specific Elementsts - Verify AJAX Text Present: Test Cases/Apply Specific Elementsts - Verify AJAX Text Present

2022-03-15 09:09:04 - [TEST_STEP][PASSED] - comment("If you want to use Smart Wait function for certain test elements only, it's important that you disable Default Smart Wait in Project Settings."): If you want to use Smart Wait function for certain test elements only, it's important that you disable Default Smart Wait in Project Settings.

2022-03-15 09:09:04 - [MESSAGE][INFO] - If you want to use Smart Wait function for certain test elements only, it's important that you disable Default Smart Wait in Project Settings.

2022-03-15 09:09:04 - [TEST_STEP][PASSED] - openBrowser(""): Browser is opened with url: ''

2022-03-15 09:09:04 - [MESSAGE][INFO] - User set preference: ['browserName', 'internet explorer']

2022-03-15 09:09:04 - [MESSAGE][INFO] - User set preference: ['katalon:option', '{usingTunnel=false, organizationId=152796}']

2022-03-15 09:09:04 - [MESSAGE][INFO] - User set preference: ['browserVersion', '11']

2022-03-15 09:09:04 - [MESSAGE][INFO] - User set preference: ['platformName', 'WINDOWS']

2022-03-15 09:09:04 - [MESSAGE][INFO] - Connecting to remote web server 'testcloud.dev.katalon.com/hub' with type 'Selenium'

2022-03-15 09:09:04 - [MESSAGE][INFO] - Action delay is set to 0 milliseconds

2022-03-15 09:13:05 - [MESSAGE][PASSED] - Browser is opened with url: ''

2022-03-15 09:13:05 - [TEST_STEP][PASSED] - navigateToUrl("https://demo.tutorialzine.com/2009/09/simple-ajax-website-jquery/demo.html"): Navigate to 'https://demo.tutorialzine.com/2009/09/simple-ajax-website-jquery/demo.html' successfully

2022-03-15 09:13:07 - [MESSAGE][PASSED] - Navigate to 'https://demo.tutorialzine.com/2009/09/simple-ajax-website-jquery/demo.html' successfully

2022-03-15 09:13:07 - [TEST_STEP][PASSED] - enableSmartWait(): null

2022-03-15 09:13:07 - [TEST_STEP][PASSED] - click(findTestObject("Page_AjaxDemo/a_Page 1")): Object: 'Object Repository/Page_AjaxDemo/a_Page 1' is clicked on

2022-03-15 09:13:13 - [MESSAGE][PASSED] - Object: 'Object Repository/Page_AjaxDemo/a_Page 1' is clicked on

2022-03-15 09:13:13 - [TEST_STEP][PASSED] - verifyTextPresent("Lorem ipsum dolor sit amet, consectetur adipiscing elit. Etiam feugiat neque vel metus sodales auctor sed et arcu. Pellentesque habitant morbi tristique senectus et netus et malesuada fames ac turpis egestas. Phasellus cursus tellus ac urna sollicitudin viverra.", false): Text 'Lorem ipsum dolor sit amet, consectetur adipiscing elit. Etiam feugiat neque vel metus sodales auctor sed et arcu. Pellentesque habitant morbi tristique senectus et netus et malesuada fames ac turpis egestas. Phasellus cursus tellus ac urna sollicitudin viverra.' is present on page 

2022-03-15 09:13:17 - [MESSAGE][PASSED] - Text 'Lorem ipsum dolor sit amet, consectetur adipiscing elit. Etiam feugiat neque vel metus sodales auctor sed et arcu. Pellentesque habitant morbi tristique senectus et netus et malesuada fames ac turpis egestas. Phasellus cursus tellus ac urna sollicitudin viverra.' is present on page 

2022-03-15 09:13:17 - [TEST_STEP][PASSED] - disableSmartWait(): null

2022-03-15 09:13:17 - [TEST_STEP][PASSED] - click(findTestObject("Page_AjaxDemo/a_Page 2")): Object: 'Object Repository/Page_AjaxDemo/a_Page 2' is clicked on

2022-03-15 09:13:21 - [MESSAGE][PASSED] - Object: 'Object Repository/Page_AjaxDemo/a_Page 2' is clicked on

2022-03-15 09:13:21 - [TEST_STEP][PASSED] - verifyElementText(findTestObject("Page_AjaxDemo/div_Page2_Content"), "Aliquam imperdiet tempor facilisis. Sed elementum ultrices vulputate. In hac habitasse platea dictumst. In et accumsan turpis. Nullam laoreet posuere eros ac iaculis. Nullam ut velit arcu. Lorem ipsum dolor sit amet, consectetur adipiscing elit. Aliquam erat volutpat."): Actual text and expected text of test object 'Object Repository/Page_AjaxDemo/div_Page2_Content' are matched.

2022-03-15 09:13:23 - [MESSAGE][PASSED] - Actual text and expected text of test object 'Object Repository/Page_AjaxDemo/div_Page2_Content' are matched.

2022-03-15 09:13:23 - [TEST_STEP][PASSED] - closeBrowser(): Browser is closed

2022-03-15 09:13:24 - [MESSAGE][PASSED] - Browser is closed]]></system-out>
         <system-err><![CDATA[]]></system-err>
      </testcase>
      <testcase name="Test Cases/Apply All Elements - Verify AJAX Text Present" time="150.381" classname="Test Cases/Apply All Elements - Verify AJAX Text Present" status="PASSED">
         <system-out><![CDATA[2022-03-15 09:13:24 - [TEST_CASE][PASSED] - Test Cases/Apply All Elements - Verify AJAX Text Present: Test Cases/Apply All Elements - Verify AJAX Text Present

2022-03-15 09:13:24 - [TEST_STEP][PASSED] - comment("To enable the Smart Wait function for the whole project in Katalon Studio, navigate to Project > Settings > Execution> Select Enable in Default Smart Wait."): To enable the Smart Wait function for the whole project in Katalon Studio, navigate to Project > Settings > Execution> Select Enable in Default Smart Wait.

2022-03-15 09:13:24 - [MESSAGE][INFO] - To enable the Smart Wait function for the whole project in Katalon Studio, navigate to Project > Settings > Execution> Select Enable in Default Smart Wait.

2022-03-15 09:13:24 - [TEST_STEP][PASSED] - openBrowser(""): Browser is opened with url: ''

2022-03-15 09:13:24 - [MESSAGE][INFO] - User set preference: ['browserName', 'internet explorer']

2022-03-15 09:13:24 - [MESSAGE][INFO] - User set preference: ['katalon:option', '{usingTunnel=false, organizationId=152796}']

2022-03-15 09:13:24 - [MESSAGE][INFO] - User set preference: ['browserVersion', '11']

2022-03-15 09:13:24 - [MESSAGE][INFO] - User set preference: ['platformName', 'WINDOWS']

2022-03-15 09:13:24 - [MESSAGE][INFO] - Connecting to remote web server 'testcloud.dev.katalon.com/hub' with type 'Selenium'

2022-03-15 09:13:24 - [MESSAGE][INFO] - Action delay is set to 0 milliseconds

2022-03-15 09:15:41 - [MESSAGE][PASSED] - Browser is opened with url: ''

2022-03-15 09:15:41 - [TEST_STEP][PASSED] - navigateToUrl("https://demo.tutorialzine.com/2009/09/simple-ajax-website-jquery/demo.html"): Navigate to 'https://demo.tutorialzine.com/2009/09/simple-ajax-website-jquery/demo.html' successfully

2022-03-15 09:15:44 - [MESSAGE][PASSED] - Navigate to 'https://demo.tutorialzine.com/2009/09/simple-ajax-website-jquery/demo.html' successfully

2022-03-15 09:15:44 - [TEST_STEP][PASSED] - click(findTestObject("Page_AjaxDemo/a_Page 1")): Object: 'Object Repository/Page_AjaxDemo/a_Page 1' is clicked on

2022-03-15 09:15:46 - [MESSAGE][PASSED] - Object: 'Object Repository/Page_AjaxDemo/a_Page 1' is clicked on

2022-03-15 09:15:46 - [TEST_STEP][PASSED] - verifyTextPresent("Lorem ipsum dolor sit amet, consectetur adipiscing elit. Etiam feugiat neque vel metus sodales auctor sed et arcu. Pellentesque habitant morbi tristique senectus et netus et malesuada fames ac turpis egestas. Phasellus cursus tellus ac urna sollicitudin viverra.", false): Text 'Lorem ipsum dolor sit amet, consectetur adipiscing elit. Etiam feugiat neque vel metus sodales auctor sed et arcu. Pellentesque habitant morbi tristique senectus et netus et malesuada fames ac turpis egestas. Phasellus cursus tellus ac urna sollicitudin viverra.' is present on page 

2022-03-15 09:15:50 - [MESSAGE][PASSED] - Text 'Lorem ipsum dolor sit amet, consectetur adipiscing elit. Etiam feugiat neque vel metus sodales auctor sed et arcu. Pellentesque habitant morbi tristique senectus et netus et malesuada fames ac turpis egestas. Phasellus cursus tellus ac urna sollicitudin viverra.' is present on page 

2022-03-15 09:15:50 - [TEST_STEP][PASSED] - click(findTestObject("Page_AjaxDemo/a_Page 2")): Object: 'Object Repository/Page_AjaxDemo/a_Page 2' is clicked on

2022-03-15 09:15:52 - [MESSAGE][PASSED] - Object: 'Object Repository/Page_AjaxDemo/a_Page 2' is clicked on

2022-03-15 09:15:52 - [TEST_STEP][PASSED] - verifyElementText(findTestObject("Page_AjaxDemo/div_Page2_Content"), "Aliquam imperdiet tempor facilisis. Sed elementum ultrices vulputate. In hac habitasse platea dictumst. In et accumsan turpis. Nullam laoreet posuere eros ac iaculis. Nullam ut velit arcu. Lorem ipsum dolor sit amet, consectetur adipiscing elit. Aliquam erat volutpat."): Actual text and expected text of test object 'Object Repository/Page_AjaxDemo/div_Page2_Content' are matched.

2022-03-15 09:15:53 - [MESSAGE][PASSED] - Actual text and expected text of test object 'Object Repository/Page_AjaxDemo/div_Page2_Content' are matched.

2022-03-15 09:15:53 - [TEST_STEP][PASSED] - closeBrowser(): Browser is closed

2022-03-15 09:15:54 - [MESSAGE][PASSED] - Browser is closed]]></system-out>
         <system-err><![CDATA[]]></system-err>
      </testcase>
      <system-out><![CDATA[2022-03-15 09:06:39 - [TEST_SUITE][PASSED] - New Test Suite: Test Cases/Apply All Elements - Verify AJAX Text Present]]></system-out>
      <system-err><![CDATA[]]></system-err>
   </testsuite>
</testsuites>
