<?xml version="1.0" encoding="UTF-8"?>
<testsuites name="New Test Suite" time="247.508" tests="1" failures="0" errors="0">
   <testsuite name="New Test Suite" tests="1" failures="0" errors="0" time="247.508" skipped="0" timestamp="2022-03-21 20:53:11" hostname="anle - localhost" id="Test Suites/New Test Suite">
      <properties>
[...]
</properties>
      <testcase name="Test Cases/IE mode 1" time="0.669" classname="Test Cases/IE mode 1" status="INCOMPLETE">
         <system-out><![CDATA[2022-03-21 20:57:18 - [TEST_CASE][INCOMPLETE] - Test Cases/IE mode 1: null

2022-03-21 20:57:18 - [TEST_STEP][INCOMPLETE] - openBrowser(""): Action delay is set to 0 milliseconds

2022-03-21 20:57:18 - [MESSAGE][WARNING] - A browser is already opened. Closing browser and opening a new one

2022-03-21 20:57:19 - [MESSAGE][INFO] - User set preference: ['os', 'windows']

2022-03-21 20:57:19 - [MESSAGE][INFO] - User set preference: ['browserName', 'internet explorer']

2022-03-21 20:57:19 - [MESSAGE][INFO] - User set preference: ['browserVersion', '11']

2022-03-21 20:57:19 - [MESSAGE][INFO] - User set preference: ['katalon:option', '{organizationId=152796, tunnelId=, usingTunnel=false}']

2022-03-21 20:57:19 - [MESSAGE][INFO] - Connecting to remote web server 'testcloud.dev.katalon.com/hub' with type 'Selenium'

2022-03-21 20:57:19 - [MESSAGE][INFO] - Action delay is set to 0 milliseconds]]></system-out>
         <system-err><![CDATA[2022-03-21 20:57:18 - [TEST_CASE][INCOMPLETE] - Test Cases/IE mode 1: null]]></system-err>
      </testcase>
      <system-out><![CDATA[2022-03-21 20:53:11 - [TEST_SUITE][INCOMPLETE] - New Test Suite: null]]></system-out>
      <system-err><![CDATA[2022-03-21 20:53:11 - [TEST_SUITE][INCOMPLETE] - New Test Suite: null]]></system-err>
   </testsuite>
</testsuites>
